Package "anaconda3" is ready
(262762, 7)
[1. 0. 0. 0. 0. 0. 0.]
(210209, 347)
(210209, 7)
(52553, 347)
(52553, 7)
347
[[ 0.06845709  0.          0.         ...  0.          0.
   0.        ]
 [ 0.9645899   0.          0.         ...  0.          0.
   0.        ]
 [-0.35518303  0.          0.         ...  0.          0.
   0.        ]
 ...
 [ 0.          0.          0.         ...  0.          0.
   0.        ]
 [-0.44972931  0.          0.         ...  0.          0.
   0.        ]
 [-0.68698592  0.          0.         ...  0.          0.
   0.        ]]
